Using pre-set license
Built from '2020.3/china_unity/release' branch; Version is '2020.3.11f1c1 (77449f27ef9b) revision 7816351'; Using compiler version '192528614'; Build Type 'Release'
OS: 'Windows 10 Pro; OS build 19043.1165; Version 2009; 64bit' Language: 'zh' Physical Memory: 65486 MB
BatchMode: 1, IsHumanControllingUs: 0, StartBugReporterOnCrash: 0, Is64bit: 1, IsPro: 0

 COMMAND LINE ARGUMENTS:
C:\Program Files\Unity\Hub\Editor\2020.3.11f1c1\Editor\Unity.exe
-adb2
-batchMode
-noUpm
-name
AssetImportWorker0
-projectPath
C:/workArea/NetEase/Unity/TestSingleton
-logFile
Logs/AssetImportWorker0.log
-srvPort
14977
Successfully changed project path to: C:/workArea/NetEase/Unity/TestSingleton
C:/workArea/NetEase/Unity/TestSingleton
Using Asset Import Pipeline V2.
Refreshing native plugins compatible for Editor in 27.24 ms, found 2 plugins.
Preloading 0 native plugins for Editor in 0.00 ms.
Initialize engine version: 2020.3.11f1c1 (77449f27ef9b)
[Subsystems] Discovering subsystems at path C:/Program Files/Unity/Hub/Editor/2020.3.11f1c1/Editor/Data/Resources/UnitySubsystems
[Subsystems] Discovering subsystems at path C:/workArea/NetEase/Unity/TestSingleton/Assets
GfxDevice: creating device client; threaded=0
Direct3D:
    Version:  Direct3D 11.0 [level 11.1]
    Renderer: NVIDIA TITAN Xp (ID=0x1b02)
    Vendor:   
    VRAM:     12145 MB
    Driver:   27.21.14.5671
Initialize mono
Mono path[0] = 'C:/Program Files/Unity/Hub/Editor/2020.3.11f1c1/Editor/Data/Managed'
Mono path[1] = 'C:/Program Files/Unity/Hub/Editor/2020.3.11f1c1/Editor/Data/MonoBleedingEdge/lib/mono/unityjit'
Mono config path = 'C:/Program Files/Unity/Hub/Editor/2020.3.11f1c1/Editor/Data/MonoBleedingEdge/etc'
Using monoOptions --debugger-agent=transport=dt_socket,embedding=1,server=y,suspend=n,address=127.0.0.1:56824
Begin MonoManager ReloadAssembly
Registering precompiled unity dll's ...
Register platform support module: C:/Program Files/Unity/Hub/Editor/2020.3.11f1c1/Editor/Data/PlaybackEngines/WindowsStandaloneSupport/UnityEditor.WindowsStandalone.Extensions.dll
Registered in 0.001964 seconds.
Native extension for WindowsStandalone target not found
Refreshing native plugins compatible for Editor in 26.41 ms, found 2 plugins.
Preloading 0 native plugins for Editor in 0.00 ms.
Mono: successfully reloaded assembly
- Completed reload, in  0.763 seconds
Platform modules already initialized, skipping
Registering precompiled user dll's ...
Registered in 0.003721 seconds.
Begin MonoManager ReloadAssembly
Native extension for WindowsStandalone target not found
Refreshing native plugins compatible for Editor in 0.40 ms, found 2 plugins.
Preloading 0 native plugins for Editor in 0.00 ms.
Mono: successfully reloaded assembly
- Completed reload, in  0.872 seconds
Platform modules already initialized, skipping
========================================================================
Worker process is ready to serve import requests
Launched and connected shader compiler UnityShaderCompiler.exe after 0.09 seconds
Refreshing native plugins compatible for Editor in 0.34 ms, found 2 plugins.
Preloading 0 native plugins for Editor in 0.00 ms.
Unloading 1386 Unused Serialized files (Serialized files now loaded: 0)
System memory in use before: 67.0 MB.
System memory in use after: 67.1 MB.

Unloading 18 unused Assets to reduce memory usage. Loaded Objects now: 1820.
Total: 2.460500 ms (FindLiveObjects: 0.190200 ms CreateObjectMapping: 0.030600 ms MarkObjects: 2.158100 ms  DeleteObjects: 0.079200 ms)

========================================================================
Received Import Request.
  path: Assets
  artifactKey: Guid(00000000000000001000000000000000) Importer(815301076,1909f56bfc062723c751e8b465ee728b)
Start importing Assets using Guid(00000000000000001000000000000000) Importer(815301076,1909f56bfc062723c751e8b465ee728b)  -> (artifact id: '42d402b061de3733987d63b9cc3b64de') in 0.007247 seconds
  Import took 0.009446 seconds .

========================================================================
Received Import Request.
  Time since last request: 4.772985 seconds.
  path: Assets/GenericSingleton.cs
  artifactKey: Guid(52a521f4aecbe8f4a8ea6dd3c17570e5) Importer(815301076,1909f56bfc062723c751e8b465ee728b)
Start importing Assets/GenericSingleton.cs using Guid(52a521f4aecbe8f4a8ea6dd3c17570e5) Importer(815301076,1909f56bfc062723c751e8b465ee728b)  -> (artifact id: '0a4e7dc39b34df266429dc2f92781e7d') in 0.024393 seconds
  Import took 0.026622 seconds .

========================================================================
Received Prepare
Registering precompiled user dll's ...
Registered in 0.003976 seconds.
Begin MonoManager ReloadAssembly
Native extension for WindowsStandalone target not found
Refreshing native plugins compatible for Editor in 0.46 ms, found 2 plugins.
Preloading 0 native plugins for Editor in 0.00 ms.
Mono: successfully reloaded assembly
- Completed reload, in  0.879 seconds
Platform modules already initialized, skipping
Refreshing native plugins compatible for Editor in 0.41 ms, found 2 plugins.
Preloading 0 native plugins for Editor in 0.00 ms.
Unloading 1381 Unused Serialized files (Serialized files now loaded: 0)
System memory in use before: 66.9 MB.
System memory in use after: 67.0 MB.

Unloading 13 unused Assets to reduce memory usage. Loaded Objects now: 1824.
Total: 2.354600 ms (FindLiveObjects: 0.186100 ms CreateObjectMapping: 0.030500 ms MarkObjects: 2.110400 ms  DeleteObjects: 0.026000 ms)

========================================================================
Received Prepare
Registering precompiled user dll's ...
Registered in 0.003494 seconds.
Begin MonoManager ReloadAssembly
Native extension for WindowsStandalone target not found
Refreshing native plugins compatible for Editor in 0.36 ms, found 2 plugins.
Preloading 0 native plugins for Editor in 0.00 ms.
Mono: successfully reloaded assembly
- Completed reload, in  0.818 seconds
Platform modules already initialized, skipping
Refreshing native plugins compatible for Editor in 0.32 ms, found 2 plugins.
Preloading 0 native plugins for Editor in 0.00 ms.
Unloading 1381 Unused Serialized files (Serialized files now loaded: 0)
System memory in use before: 66.9 MB.
System memory in use after: 67.0 MB.

Unloading 13 unused Assets to reduce memory usage. Loaded Objects now: 1827.
Total: 2.034300 ms (FindLiveObjects: 0.181700 ms CreateObjectMapping: 0.030800 ms MarkObjects: 1.801800 ms  DeleteObjects: 0.018800 ms)

========================================================================
Received Import Request.
  Time since last request: 683.602610 seconds.
  path: Assets/GenericSingleton.cs
  artifactKey: Guid(52a521f4aecbe8f4a8ea6dd3c17570e5) Importer(815301076,1909f56bfc062723c751e8b465ee728b)
Start importing Assets/GenericSingleton.cs using Guid(52a521f4aecbe8f4a8ea6dd3c17570e5) Importer(815301076,1909f56bfc062723c751e8b465ee728b)  -> (artifact id: '91a10a89b9a56766eb42df7ac963d508') in 0.004270 seconds
  Import took 0.006308 seconds .

========================================================================
Received Import Request.
  Time since last request: 38.592261 seconds.
  path: Assets/GameManager.cs
  artifactKey: Guid(02f7169a400df554e90b6437fac44189) Importer(815301076,1909f56bfc062723c751e8b465ee728b)
Start importing Assets/GameManager.cs using Guid(02f7169a400df554e90b6437fac44189) Importer(815301076,1909f56bfc062723c751e8b465ee728b)  -> (artifact id: '639ebafe6ec841ddbcf0898f1b716c61') in 0.005586 seconds
  Import took 0.007812 seconds .

========================================================================
Received Prepare
Registering precompiled user dll's ...
Registered in 0.003550 seconds.
Begin MonoManager ReloadAssembly
Native extension for WindowsStandalone target not found
Refreshing native plugins compatible for Editor in 0.53 ms, found 2 plugins.
Preloading 0 native plugins for Editor in 0.00 ms.
Mono: successfully reloaded assembly
- Completed reload, in  0.842 seconds
Platform modules already initialized, skipping
Refreshing native plugins compatible for Editor in 0.41 ms, found 2 plugins.
Preloading 0 native plugins for Editor in 0.00 ms.
Unloading 1382 Unused Serialized files (Serialized files now loaded: 0)
System memory in use before: 67.0 MB.
System memory in use after: 67.1 MB.

Unloading 13 unused Assets to reduce memory usage. Loaded Objects now: 1831.
Total: 2.864500 ms (FindLiveObjects: 0.182300 ms CreateObjectMapping: 0.031400 ms MarkObjects: 2.614700 ms  DeleteObjects: 0.034600 ms)

========================================================================
Received Prepare
Registering precompiled user dll's ...
Registered in 0.003510 seconds.
Begin MonoManager ReloadAssembly
Native extension for WindowsStandalone target not found
Refreshing native plugins compatible for Editor in 0.34 ms, found 2 plugins.
Preloading 0 native plugins for Editor in 0.00 ms.
Mono: successfully reloaded assembly
- Completed reload, in  0.832 seconds
Platform modules already initialized, skipping
Refreshing native plugins compatible for Editor in 0.34 ms, found 2 plugins.
Preloading 0 native plugins for Editor in 0.00 ms.
Unloading 1382 Unused Serialized files (Serialized files now loaded: 0)
System memory in use before: 67.0 MB.
System memory in use after: 67.1 MB.

Unloading 13 unused Assets to reduce memory usage. Loaded Objects now: 1834.
Total: 2.243400 ms (FindLiveObjects: 0.213800 ms CreateObjectMapping: 0.030700 ms MarkObjects: 1.963900 ms  DeleteObjects: 0.033500 ms)

========================================================================
Received Import Request.
  Time since last request: 363.573146 seconds.
  path: Assets/GameManager.cs
  artifactKey: Guid(02f7169a400df554e90b6437fac44189) Importer(815301076,1909f56bfc062723c751e8b465ee728b)
Start importing Assets/GameManager.cs using Guid(02f7169a400df554e90b6437fac44189) Importer(815301076,1909f56bfc062723c751e8b465ee728b)  -> (artifact id: 'ec5839b4b60f9646251d21721bb160da') in 0.004539 seconds
  Import took 0.006856 seconds .

========================================================================
Received Prepare
Registering precompiled user dll's ...
Registered in 0.003754 seconds.
Begin MonoManager ReloadAssembly
Native extension for WindowsStandalone target not found
Refreshing native plugins compatible for Editor in 0.38 ms, found 2 plugins.
Preloading 0 native plugins for Editor in 0.00 ms.
Mono: successfully reloaded assembly
- Completed reload, in  0.813 seconds
Platform modules already initialized, skipping
Refreshing native plugins compatible for Editor in 0.37 ms, found 2 plugins.
Preloading 0 native plugins for Editor in 0.00 ms.
Unloading 1382 Unused Serialized files (Serialized files now loaded: 0)
System memory in use before: 67.0 MB.
System memory in use after: 67.1 MB.

Unloading 13 unused Assets to reduce memory usage. Loaded Objects now: 1837.
Total: 1.916100 ms (FindLiveObjects: 0.161000 ms CreateObjectMapping: 0.030400 ms MarkObjects: 1.705300 ms  DeleteObjects: 0.017700 ms)

========================================================================
Received Prepare
Registering precompiled user dll's ...
Registered in 0.003698 seconds.
Begin MonoManager ReloadAssembly
Native extension for WindowsStandalone target not found
Refreshing native plugins compatible for Editor in 0.40 ms, found 2 plugins.
Preloading 0 native plugins for Editor in 0.00 ms.
Mono: successfully reloaded assembly
- Completed reload, in  0.823 seconds
Platform modules already initialized, skipping
Refreshing native plugins compatible for Editor in 0.46 ms, found 2 plugins.
Preloading 0 native plugins for Editor in 0.00 ms.
Unloading 1382 Unused Serialized files (Serialized files now loaded: 0)
System memory in use before: 67.0 MB.
System memory in use after: 67.1 MB.

Unloading 13 unused Assets to reduce memory usage. Loaded Objects now: 1840.
Total: 1.787100 ms (FindLiveObjects: 0.169700 ms CreateObjectMapping: 0.030500 ms MarkObjects: 1.567300 ms  DeleteObjects: 0.017400 ms)

========================================================================
Received Prepare
Registering precompiled user dll's ...
Registered in 0.003856 seconds.
Begin MonoManager ReloadAssembly
Native extension for WindowsStandalone target not found
Refreshing native plugins compatible for Editor in 0.34 ms, found 2 plugins.
Preloading 0 native plugins for Editor in 0.00 ms.
Mono: successfully reloaded assembly
- Completed reload, in  0.825 seconds
Platform modules already initialized, skipping
Refreshing native plugins compatible for Editor in 0.34 ms, found 2 plugins.
Preloading 0 native plugins for Editor in 0.00 ms.
Unloading 1382 Unused Serialized files (Serialized files now loaded: 0)
System memory in use before: 67.0 MB.
System memory in use after: 67.1 MB.

Unloading 13 unused Assets to reduce memory usage. Loaded Objects now: 1843.
Total: 1.832900 ms (FindLiveObjects: 0.191600 ms CreateObjectMapping: 0.033800 ms MarkObjects: 1.587500 ms  DeleteObjects: 0.018300 ms)

========================================================================
Received Prepare
Registering precompiled user dll's ...
Registered in 0.003825 seconds.
Begin MonoManager ReloadAssembly
Native extension for WindowsStandalone target not found
Refreshing native plugins compatible for Editor in 0.33 ms, found 2 plugins.
Preloading 0 native plugins for Editor in 0.00 ms.
Mono: successfully reloaded assembly
- Completed reload, in  0.809 seconds
Platform modules already initialized, skipping
Refreshing native plugins compatible for Editor in 0.36 ms, found 2 plugins.
Preloading 0 native plugins for Editor in 0.00 ms.
Unloading 1382 Unused Serialized files (Serialized files now loaded: 0)
System memory in use before: 67.0 MB.
System memory in use after: 67.1 MB.

Unloading 13 unused Assets to reduce memory usage. Loaded Objects now: 1846.
Total: 1.924500 ms (FindLiveObjects: 0.187100 ms CreateObjectMapping: 0.030900 ms MarkObjects: 1.679700 ms  DeleteObjects: 0.025200 ms)

========================================================================
Received Prepare
Registering precompiled user dll's ...
Registered in 0.003539 seconds.
Begin MonoManager ReloadAssembly
Native extension for WindowsStandalone target not found
Refreshing native plugins compatible for Editor in 0.37 ms, found 2 plugins.
Preloading 0 native plugins for Editor in 0.00 ms.
Mono: successfully reloaded assembly
- Completed reload, in  0.815 seconds
Platform modules already initialized, skipping
Refreshing native plugins compatible for Editor in 0.36 ms, found 2 plugins.
Preloading 0 native plugins for Editor in 0.00 ms.
Unloading 1382 Unused Serialized files (Serialized files now loaded: 0)
System memory in use before: 67.0 MB.
System memory in use after: 67.1 MB.

Unloading 13 unused Assets to reduce memory usage. Loaded Objects now: 1849.
Total: 1.953200 ms (FindLiveObjects: 0.195500 ms CreateObjectMapping: 0.031600 ms MarkObjects: 1.703400 ms  DeleteObjects: 0.021300 ms)

